Thu Jan 18 14:55:31 ACDT 2024 : Apache Derby Network Server - 10.10.2.0 - (1582446) started and ready to accept connections on port 1527
----------------------------------------------------------------
Thu Jan 18 14:55:31 ACDT 2024:
Booting Derby version The Apache Software Foundation - Apache Derby - 10.10.2.0 - (1582446): instance a816c00e-018d-1ad1-28ea-ffffe73cd2f7 
on database directory C:\Users\jesse\OneDrive\Documents\IT Job Search\Repos\Portfolio\BookShopJavaEntepriseProject\BooksDB with class loader sun.misc.Launcher$AppClassLoader@1d44bcfa 
Loaded from file:/C:/Program%20Files/glassfish-4.1.1/javadb/lib/derby.jar
java.vendor=Oracle Corporation
java.runtime.version=1.8.0_202-b08
user.dir=C:\Program Files\glassfish-4.1.1\javadb
os.name=Windows 10
os.arch=amd64
os.version=10.0
derby.system.home=C:\Users\jesse\OneDrive\Documents\IT Job Search\Repos\Portfolio\BookShopJavaEntepriseProject
Database Class Loader started - derby.database.classpath=''
----------------------------------------------------------------
Thu Jan 18 14:55:32 ACDT 2024:
Shutting down instance a816c00e-018d-1ad1-28ea-ffffe73cd2f7 on database directory C:\Users\jesse\OneDrive\Documents\IT Job Search\Repos\Portfolio\BookShopJavaEntepriseProject\BooksDB with class loader sun.misc.Launcher$AppClassLoader@1d44bcfa 
Thu Jan 18 14:55:33 ACDT 2024 Thread[DRDAConnThread_3,5,main] (DATABASE = BooksDB), (DRDAID = {2}), Database 'BooksDB' shutdown.
----------------------------------------------------------------
Thu Jan 18 14:57:20 ACDT 2024:
Booting Derby version The Apache Software Foundation - Apache Derby - 10.10.2.0 - (1582446): instance 560740aa-018d-1ad1-28ea-ffffe73cd2f7 
on database directory C:\Users\jesse\OneDrive\Documents\IT Job Search\Repos\Portfolio\BookShopJavaEntepriseProject\BooksDB with class loader sun.misc.Launcher$AppClassLoader@1d44bcfa 
Loaded from file:/C:/Program%20Files/glassfish-4.1.1/javadb/lib/derby.jar
java.vendor=Oracle Corporation
java.runtime.version=1.8.0_202-b08
user.dir=C:\Program Files\glassfish-4.1.1\javadb
os.name=Windows 10
os.arch=amd64
os.version=10.0
derby.system.home=C:\Users\jesse\OneDrive\Documents\IT Job Search\Repos\Portfolio\BookShopJavaEntepriseProject
Database Class Loader started - derby.database.classpath=''
----------------------------------------------------------------
Thu Jan 18 14:59:56 ACDT 2024: Shutting down Derby engine
----------------------------------------------------------------
Thu Jan 18 14:59:56 ACDT 2024:
Shutting down instance 560740aa-018d-1ad1-28ea-ffffe73cd2f7 on database directory C:\Users\jesse\OneDrive\Documents\IT Job Search\Repos\Portfolio\BookShopJavaEntepriseProject\BooksDB with class loader sun.misc.Launcher$AppClassLoader@1d44bcfa 
----------------------------------------------------------------
